<?xml version="1.0" encoding="UTF-8"?><testsuite failures="0" name="cucumber.runtime.formatter.JUnitFormatter" skipped="0" tests="1" time="48.374608">
<testcase classname="Interview Nicolas Mori" name="Access to the app after make the login." time="48.374608">
<system-out><![CDATA[Given I start the android web test with this device "8575525242395141"......passed
And navigate to this "https://www.kraken.com" in the mobile web.............passed
Then in the homepage make click in the button to sign in....................passed
Then make a success login...................................................passed
Then in the dashboard page make click in the dropdown, and select this coin "ETH/XBT".passed
Then select this option "Security" from the menu............................passed
Then validate if the values in the menu change..............................passed
]]></system-out>
</testcase>
</testsuite>
