<?xml version="1.0" encoding="UTF-8"?>
<testng-results skipped="0" failed="0" total="1" passed="1">
  <reporter-output>
    <line>
      <![CDATA[<div "featureFile">Feature File: TestCaseWithMobileWeb.feature</div>]]>
    </line>
    <line>
      <![CDATA[<div "feature">Feature: Interview Nicolas Mori</div>]]>
    </line>
    <line>
      <![CDATA[<div "scenarioOutline">Scenario Outline: Access to the app after make the login.</div>]]>
    </line>
    <line>
      <![CDATA[<div "scenario">Scenario Outline: Access to the app after make the login.</div>]]>
    </line>
    <line>
      <![CDATA[<div "result">Given  I start the android web test with this device &quot;&lt;device uuid&gt;&quot; (passed : 11s)</div>]]>
    </line>
    <line>
      <![CDATA[<div "result">And  navigate to this &quot;&lt;url&gt;&quot; in the mobile web (passed : 13s)</div>]]>
    </line>
    <line>
      <![CDATA[<div "result">Then  in the homepage make click in the button to sign in (passed : 7s)</div>]]>
    </line>
    <line>
      <![CDATA[<div "result">Then  make a success login (passed : 7s)</div>]]>
    </line>
    <line>
      <![CDATA[<div "result">Then  in the dashboard page make click in the dropdown, and select this coin &quot;&lt;option coin&gt;&quot; (passed : 4s)</div>]]>
    </line>
    <line>
      <![CDATA[<div "result">Then  select this option &quot;&lt;option menu&gt;&quot; from the menu (passed : 2s)</div>]]>
    </line>
    <line>
      <![CDATA[<div "result">Then  validate if the values in the menu change (passed : 0s)</div>]]>
    </line>
  </reporter-output>
  <suite name="Test runner" duration-ms="49129" started-at="2019-05-03T13:28:44Z" finished-at="2019-05-03T13:29:33Z">
    <groups>
      <group name="cucumber">
        <method signature="AbstractTestNGCucumberTests.run_cukes()[pri:0, instance:com.krak.AppTest@1b604f19]" name="run_cukes" class="cucumber.api.testng.AbstractTestNGCucumberTests"/>
      </group> <!-- cucumber -->
    </groups>
    <test name="test" duration-ms="49129" started-at="2019-05-03T13:28:44Z" finished-at="2019-05-03T13:29:33Z">
      <class name="com.krak.AppTest">
        <test-method status="PASS" signature="run_cukes()[pri:0, instance:com.krak.AppTest@1b604f19]" name="run_cukes" duration-ms="49116" started-at="2019-05-03T15:28:44Z" description="Runs Cucumber Features" finished-at="2019-05-03T15:29:33Z">
          <reporter-output>
            <line>
              <![CDATA[<div "featureFile">Feature File: TestCaseWithMobileWeb.feature</div>]]>
            </line>
            <line>
              <![CDATA[<div "feature">Feature: Interview Nicolas Mori</div>]]>
            </line>
            <line>
              <![CDATA[<div "scenarioOutline">Scenario Outline: Access to the app after make the login.</div>]]>
            </line>
            <line>
              <![CDATA[<div "scenario">Scenario Outline: Access to the app after make the login.</div>]]>
            </line>
            <line>
              <![CDATA[<div "result">Given  I start the android web test with this device &quot;&lt;device uuid&gt;&quot; (passed : 11s)</div>]]>
            </line>
            <line>
              <![CDATA[<div "result">And  navigate to this &quot;&lt;url&gt;&quot; in the mobile web (passed : 13s)</div>]]>
            </line>
            <line>
              <![CDATA[<div "result">Then  in the homepage make click in the button to sign in (passed : 7s)</div>]]>
            </line>
            <line>
              <![CDATA[<div "result">Then  make a success login (passed : 7s)</div>]]>
            </line>
            <line>
              <![CDATA[<div "result">Then  in the dashboard page make click in the dropdown, and select this coin &quot;&lt;option coin&gt;&quot; (passed : 4s)</div>]]>
            </line>
            <line>
              <![CDATA[<div "result">Then  select this option &quot;&lt;option menu&gt;&quot; from the menu (passed : 2s)</div>]]>
            </line>
            <line>
              <![CDATA[<div "result">Then  validate if the values in the menu change (passed : 0s)</div>]]>
            </line>
          </reporter-output>
        </test-method> <!-- run_cukes -->
      </class> <!-- com.krak.AppTest -->
    </test> <!-- test -->
  </suite> <!-- Test runner -->
</testng-results>
