<?xml version="1.0" encoding="UTF-8"?>
<testng-results skipped="0" failed="0" total="2" passed="2">
  <reporter-output>
    <line>
      <![CDATA[<div "featureFile">Feature File: TestCaseWithMobileWeb.feature</div>]]>
    </line>
    <line>
      <![CDATA[<div "feature">Feature: Interview Nicolas Mori</div>]]>
    </line>
    <line>
      <![CDATA[<div "scenarioOutline">Scenario Outline: Access to the app after make the login.</div>]]>
    </line>
    <line>
      <![CDATA[<div "scenario">Scenario Outline: Access to the app after make the login.</div>]]>
    </line>
    <line>
      <![CDATA[<div "result">Given  I start the android web test with this device &quot;&lt;device uuid&gt;&quot; (undefined)</div>]]>
    </line>
    <line>
      <![CDATA[<div "result">And  navigate to this &quot;&lt;url&gt;&quot; in the mobile web (skipped)</div>]]>
    </line>
    <line>
      <![CDATA[<div "result">Then  in the homepage make click in the button to sign in (skipped)</div>]]>
    </line>
    <line>
      <![CDATA[<div "result">Then  make a success login (skipped)</div>]]>
    </line>
    <line>
      <![CDATA[<div "result">Then  in the dashboard page make click in the dropdown, and select this coin &quot;&lt;option coin&gt;&quot; (skipped)</div>]]>
    </line>
    <line>
      <![CDATA[<div "result">Then  select this option &quot;&lt;option menu&gt;&quot; from the menu (skipped)</div>]]>
    </line>
    <line>
      <![CDATA[<div "result">Then  validate if the values in the menu change (skipped)</div>]]>
    </line>
    <line>
      <![CDATA[<div "featureFile">Feature File: TestCaseWithMobileWeb.feature</div>]]>
    </line>
    <line>
      <![CDATA[<div "feature">Feature: Interview Nicolas Mori</div>]]>
    </line>
    <line>
      <![CDATA[<div "scenarioOutline">Scenario Outline: Access to the app after make the login.</div>]]>
    </line>
    <line>
      <![CDATA[<div "scenario">Scenario Outline: Access to the app after make the login.</div>]]>
    </line>
    <line>
      <![CDATA[<div "result">Given  I start the android web test with this device &quot;&lt;device uuid&gt;&quot; (undefined)</div>]]>
    </line>
    <line>
      <![CDATA[<div "result">And  navigate to this &quot;&lt;url&gt;&quot; in the mobile web (undefined)</div>]]>
    </line>
    <line>
      <![CDATA[<div "result">Then  in the homepage make click in the button to sign in (undefined)</div>]]>
    </line>
    <line>
      <![CDATA[<div "result">Then  make a success login (undefined)</div>]]>
    </line>
    <line>
      <![CDATA[<div "result">Then  in the dashboard page make click in the dropdown, and select this coin &quot;&lt;option coin&gt;&quot; (undefined)</div>]]>
    </line>
    <line>
      <![CDATA[<div "result">Then  select this option &quot;&lt;option menu&gt;&quot; from the menu (undefined)</div>]]>
    </line>
    <line>
      <![CDATA[<div "result">Then  validate if the values in the menu change (undefined)</div>]]>
    </line>
  </reporter-output>
  <suite name="Test runner" duration-ms="646" started-at="2019-05-03T11:40:41Z" finished-at="2019-05-03T11:40:42Z">
    <groups>
      <group name="cucumber">
        <method signature="AbstractTestNGCucumberTests.run_cukes()[pri:0, instance:com.krak.AppTest@c038203]" name="run_cukes" class="cucumber.api.testng.AbstractTestNGCucumberTests"/>
        <method signature="AbstractTestNGCucumberTests.run_cukes()[pri:0, instance:com.krak.util.AppTest@7823a2f9]" name="run_cukes" class="cucumber.api.testng.AbstractTestNGCucumberTests"/>
      </group> <!-- cucumber -->
    </groups>
    <test name="test" duration-ms="646" started-at="2019-05-03T11:40:41Z" finished-at="2019-05-03T11:40:42Z">
      <class name="com.krak.util.AppTest">
        <test-method status="PASS" signature="run_cukes()[pri:0, instance:com.krak.util.AppTest@7823a2f9]" name="run_cukes" duration-ms="51" started-at="2019-05-03T13:40:42Z" description="Runs Cucumber Features" finished-at="2019-05-03T13:40:42Z">
          <reporter-output>
            <line>
              <![CDATA[<div "featureFile">Feature File: TestCaseWithMobileWeb.feature</div>]]>
            </line>
            <line>
              <![CDATA[<div "feature">Feature: Interview Nicolas Mori</div>]]>
            </line>
            <line>
              <![CDATA[<div "scenarioOutline">Scenario Outline: Access to the app after make the login.</div>]]>
            </line>
            <line>
              <![CDATA[<div "scenario">Scenario Outline: Access to the app after make the login.</div>]]>
            </line>
            <line>
              <![CDATA[<div "result">Given  I start the android web test with this device &quot;&lt;device uuid&gt;&quot; (undefined)</div>]]>
            </line>
            <line>
              <![CDATA[<div "result">And  navigate to this &quot;&lt;url&gt;&quot; in the mobile web (undefined)</div>]]>
            </line>
            <line>
              <![CDATA[<div "result">Then  in the homepage make click in the button to sign in (undefined)</div>]]>
            </line>
            <line>
              <![CDATA[<div "result">Then  make a success login (undefined)</div>]]>
            </line>
            <line>
              <![CDATA[<div "result">Then  in the dashboard page make click in the dropdown, and select this coin &quot;&lt;option coin&gt;&quot; (undefined)</div>]]>
            </line>
            <line>
              <![CDATA[<div "result">Then  select this option &quot;&lt;option menu&gt;&quot; from the menu (undefined)</div>]]>
            </line>
            <line>
              <![CDATA[<div "result">Then  validate if the values in the menu change (undefined)</div>]]>
            </line>
          </reporter-output>
        </test-method> <!-- run_cukes -->
      </class> <!-- com.krak.util.AppTest -->
      <class name="com.krak.AppTest">
        <test-method status="PASS" signature="run_cukes()[pri:0, instance:com.krak.AppTest@c038203]" name="run_cukes" duration-ms="582" started-at="2019-05-03T13:40:41Z" description="Runs Cucumber Features" finished-at="2019-05-03T13:40:42Z">
          <reporter-output>
            <line>
              <![CDATA[<div "featureFile">Feature File: TestCaseWithMobileWeb.feature</div>]]>
            </line>
            <line>
              <![CDATA[<div "feature">Feature: Interview Nicolas Mori</div>]]>
            </line>
            <line>
              <![CDATA[<div "scenarioOutline">Scenario Outline: Access to the app after make the login.</div>]]>
            </line>
            <line>
              <![CDATA[<div "scenario">Scenario Outline: Access to the app after make the login.</div>]]>
            </line>
            <line>
              <![CDATA[<div "result">Given  I start the android web test with this device &quot;&lt;device uuid&gt;&quot; (undefined)</div>]]>
            </line>
            <line>
              <![CDATA[<div "result">And  navigate to this &quot;&lt;url&gt;&quot; in the mobile web (skipped)</div>]]>
            </line>
            <line>
              <![CDATA[<div "result">Then  in the homepage make click in the button to sign in (skipped)</div>]]>
            </line>
            <line>
              <![CDATA[<div "result">Then  make a success login (skipped)</div>]]>
            </line>
            <line>
              <![CDATA[<div "result">Then  in the dashboard page make click in the dropdown, and select this coin &quot;&lt;option coin&gt;&quot; (skipped)</div>]]>
            </line>
            <line>
              <![CDATA[<div "result">Then  select this option &quot;&lt;option menu&gt;&quot; from the menu (skipped)</div>]]>
            </line>
            <line>
              <![CDATA[<div "result">Then  validate if the values in the menu change (skipped)</div>]]>
            </line>
          </reporter-output>
        </test-method> <!-- run_cukes -->
      </class> <!-- com.krak.AppTest -->
    </test> <!-- test -->
  </suite> <!-- Test runner -->
</testng-results>
